#
# A fatal error has been detected by the Java Runtime Environment:
#
#  SIGSEGV (0xb) at pc=0x00007f585605eea9, pid=6135, tid=140017386817280
#
# JRE version: 6.0_22-b04
# Java VM: Java HotSpot(TM) 64-Bit Server VM (17.1-b03 mixed mode linux-amd64 )
# Problematic frame:
# C  [libGL.so.1+0x2ebea9]
#
# If you would like to submit a bug report, please visit:
#   http://java.sun.com/webapps/bugreport/crash.jsp
# The crash happened outside the Java Virtual Machine in native code.
# See problematic frame for where to report the bug.
#

---------------  T H R E A D  ---------------

Current thread (0x00007f58581d1000):  JavaThread "thread applet-test.DataVis.class" [_thread_in_native, id=6160, stack(0x00007f58568a8000,0x00007f58569a9000)]

siginfo:si_signo=SIGSEGV: si_errno=0, si_code=1 (SEGV_MAPERR), si_addr=0x0000000000000ee0

Registers:
RAX=0x0000000000000000, RBX=0x00007f585fcefeb8, RCX=0x0000000040fc45d0, RDX=0x00007f58d3a51b48
RSP=0x00007f58569a74a8, RBP=0x00007f58569a74f0, RSI=0x00007f58d3a51b48, RDI=0x0000000000000001
R8 =0x00007f59046842d0, R9 =0x00007f5904688078, R10=0x0000000040fc49b8, R11=0x0000000040fc4608
R12=0x00007f585f57bda8, R13=0x00007f585fcefeb8, R14=0x00007f58569a75b8, R15=0x00007f58581d1000
RIP=0x00007f585605eea9, EFL=0x0000000000010202, CSGSFS=0x0000000000000033, ERR=0x0000000000000004
  TRAPNO=0x000000000000000e

Top of Stack: (sp=0x00007f58569a74a8)
0x00007f58569a74a8:   00007f5853e01a64 00007f585605eea0
0x00007f58569a74b8:   0000000000000000 00007f58569a75a8
0x00007f58569a74c8:   00000001569a7590 00007f58569a75b8
0x00007f58569a74d8:   00007f58581d11c8 00007f585605eea0
0x00007f58569a74e8:   00007f58d3a51b48 00007f58569a7570
0x00007f58569a74f8:   00007f58ffb21c88 00007f58569a7500
0x00007f58569a7508:   00007f58581d1000 00007f58ffb15d90
0x00007f58569a7518:   0000000000000000 00007f58581d1000
0x00007f58569a7528:   00007f58569a75b8 00007f58569a7530
0x00007f58569a7538:   00007f585fcefeb8 00007f58569a75b8
0x00007f58569a7548:   00007f585fdd6400 0000000000000000
0x00007f58569a7558:   00007f585fcefeb8 0000000000000000
0x00007f58569a7568:   00007f58569a7590 00007f58569a7600
0x00007f58569a7578:   00007f58ffb16a42 0000000000000000
0x00007f58569a7588:   00007f58ffb1ef18 00007f585605eea0
0x00007f58569a7598:   00007f58581d1000 0000000000000000
0x00007f58569a75a8:   00007f58d3a51b30 0000000000000001
0x00007f58569a75b8:   00007f5877db6638 00007f58569a75c0
0x00007f58569a75c8:   00007f585fceffe9 00007f58569a7638
0x00007f58569a75d8:   00007f585fdd6400 0000000000000000
0x00007f58569a75e8:   00007f585fcf0010 00007f58569a7590
0x00007f58569a75f8:   00007f58569a7620 00007f58569a7680
0x00007f58569a7608:   00007f58ffb16f1c 00007f585605eea0
0x00007f58569a7618:   0000000000000000 0000000000000000
0x00007f58569a7628:   00007f58d3a51b30 0000000000000001
0x00007f58569a7638:   00007f5877db6638 00007f58569a7640
0x00007f58569a7648:   00007f585fe32608 00007f58569a76a8
0x00007f58569a7658:   00007f585fe37488 0000000000000000
0x00007f58569a7668:   00007f585fe32998 00007f58569a7620
0x00007f58569a7678:   00007f58569a76b0 00007f58569a76f0
0x00007f58569a7688:   00007f58ffb16a42 00007f58d3a51b30
0x00007f58569a7698:   0000000000000001 0000000000000000 

Instructions: (pc=0x00007f585605eea9)
0x00007f585605ee99:   cc cc cc cc cc cc cc 64 48 8b 04 25 88 ff ff ff
0x00007f585605eea9:   ff a0 e0 0e 00 00 cc cc cc cc cc cc cc cc cc cc 

Stack: [0x00007f58568a8000,0x00007f58569a9000],  sp=0x00007f58569a74a8,  free space=3fd0000000000000018k
Native frames: (J=compiled Java code, j=interpreted, Vv=VM code, C=native code)
C  [libGL.so.1+0x2ebea9]
j  com.sun.opengl.impl.GLImpl.dispatch_glDeleteBuffersARB1(ILjava/lang/Object;IJ)V+0
j  com.sun.opengl.impl.GLImpl.glDeleteBuffersARB(I[II)V+97
j  codeanticode.glgraphics.GLState.deleteAllGLResources()V+120
j  codeanticode.glgraphics.GLGraphics.dispose()V+0
j  processing.core.PApplet.stop()V+29
j  sun.applet.AppletPanel.run()V+463
j  java.lang.Thread.run()V+11
v  ~StubRoutines::call_stub
V  [libjvm.so+0x3e75fd]
V  [libjvm.so+0x5f6fe9]
V  [libjvm.so+0x3e6ec9]
V  [libjvm.so+0x3e6f7b]
V  [libjvm.so+0x476417]
V  [libjvm.so+0x6ee4e2]
V  [libjvm.so+0x5f816f]

Java frames: (J=compiled Java code, j=interpreted, Vv=VM code)
j  com.sun.opengl.impl.GLImpl.dispatch_glDeleteBuffersARB1(ILjava/lang/Object;IJ)V+0
j  com.sun.opengl.impl.GLImpl.glDeleteBuffersARB(I[II)V+97
j  codeanticode.glgraphics.GLState.deleteAllGLResources()V+120
j  codeanticode.glgraphics.GLGraphics.dispose()V+0
j  processing.core.PApplet.stop()V+29
j  sun.applet.AppletPanel.run()V+463
j  java.lang.Thread.run()V+11
v  ~StubRoutines::call_stub

---------------  P R O C E S S  ---------------

Java Threads: ( => current thread )
  0x00007f58380ac000 JavaThread "Thread-5" [_thread_blocked, id=6201, stack(0x00007f58533d4000,0x00007f58534d5000)]
  0x00007f585825d000 JavaThread "Timer-2" [_thread_blocked, id=6168, stack(0x00007f58532d3000,0x00007f58533d4000)]
  0x0000000041584000 JavaThread "Timer-0" [_thread_blocked, id=6166, stack(0x00007f58534d5000,0x00007f58535d6000)]
  0x00000000411b7000 JavaThread "AWT-EventQueue-1" [_thread_blocked, id=6164, stack(0x00007f585627a000,0x00007f585637b000)]
  0x00007f5858248000 JavaThread "DestroyJavaVM" [_thread_blocked, id=6136, stack(0x00007f59039b1000,0x00007f5903ab2000)]
  0x00007f585820b000 JavaThread "AWT-EventQueue-0" [_thread_blocked, id=6162, stack(0x00007f585659a000,0x00007f585669b000)]
  0x00007f585820a800 JavaThread "AWT-Shutdown" [_thread_blocked, id=6161, stack(0x00007f585669b000,0x00007f585679c000)]
=>0x00007f58581d1000 JavaThread "thread applet-test.DataVis.class" [_thread_in_native, id=6160, stack(0x00007f58568a8000,0x00007f58569a9000)]
  0x0000000041408800 JavaThread "AWT-XAWT" daemon [_thread_in_native, id=6158, stack(0x00007f58569a9000,0x00007f5856aaa000)]
  0x00007f5858175000 JavaThread "Java2D Disposer" daemon [_thread_blocked, id=6157, stack(0x00007f585c046000,0x00007f585c147000)]
  0x00007f5858070800 JavaThread "Low Memory Detector" daemon [_thread_blocked, id=6155, stack(0x00007f585c7a2000,0x00007f585c8a3000)]
  0x00007f585806e000 JavaThread "CompilerThread1" daemon [_thread_blocked, id=6154, stack(0x00007f585c8a3000,0x00007f585c9a4000)]
  0x00007f585806b000 JavaThread "CompilerThread0" daemon [_thread_blocked, id=6153, stack(0x00007f585c9a4000,0x00007f585caa5000)]
  0x00007f5858069000 JavaThread "Signal Dispatcher" daemon [_thread_blocked, id=6152, stack(0x00007f585caa5000,0x00007f585cba6000)]
  0x00007f585804a800 JavaThread "Finalizer" daemon [_thread_blocked, id=6151, stack(0x00007f585d09a000,0x00007f585d19b000)]
  0x00007f5858048800 JavaThread "Reference Handler" daemon [_thread_blocked, id=6150, stack(0x00007f585d19b000,0x00007f585d29c000)]

Other Threads:
  0x00007f5858044000 VMThread [stack: 0x00007f585d29c000,0x00007f585d39d000] [id=6149]
  0x00007f5858083000 WatcherThread [stack: 0x00007f585c6a1000,0x00007f585c7a2000] [id=6156]

VM state:not at safepoint (normal execution)

VM Mutex/Monitor currently owned by a thread: None

Heap
 PSYoungGen      total 489216K, used 410785K [0x00007f58cbdc0000, 0x00007f58e9ea0000, 0x00007f58ffb10000)
  eden space 488960K, 83% used [0x00007f58cbdc0000,0x00007f58e4eb0640,0x00007f58e9b40000)
  from space 256K, 87% used [0x00007f58e9b40000,0x00007f58e9b78000,0x00007f58e9b80000)
  to   space 256K, 0% used [0x00007f58e9e60000,0x00007f58e9e60000,0x00007f58e9ea0000)
 PSOldGen        total 556480K, used 368939K [0x00007f5864310000, 0x00007f5886280000, 0x00007f58cbdc0000)
  object space 556480K, 66% used [0x00007f5864310000,0x00007f587ab5af00,0x00007f5886280000)
 PSPermGen       total 35776K, used 16553K [0x00007f585ef10000, 0x00007f5861200000, 0x00007f5864310000)
  object space 35776K, 46% used [0x00007f585ef10000,0x00007f585ff3a7b8,0x00007f5861200000)

Dynamic libraries:
40000000-40009000 r-xp 00000000 08:01 5252824                            /usr/lib/jvm/java-6-sun-1.6.0.22/jre/bin/java
40108000-4010a000 rwxp 00008000 08:01 5252824                            /usr/lib/jvm/java-6-sun-1.6.0.22/jre/bin/java
40f91000-41700000 rwxp 00000000 00:00 0                                  [heap]
41714000-4177a000 rwxp 00000000 00:05 5020                               /dev/zero
7f580fe4b000-7f5818000000 rwxp 00000000 00:00 0 
7f581c300000-7f5820000000 rwxp 00000000 00:00 0 
7f5833b55000-7f5838000000 rwxs 14d44f000 00:05 9116                      /dev/nvidia0
7f5838000000-7f583c000000 rwxp 00000000 00:00 0 
7f583c000000-7f5840100000 rwxp 00000000 00:00 0 
7f5840100000-7f5844000000 rwxp 00000000 00:00 0 
7f5847836000-7f5847a36000 rwxs 205b8f000 00:05 9116                      /dev/nvidia0
7f5847a36000-7f5847c36000 rwxs 14cc3f000 00:05 9116                      /dev/nvidia0
7f5847c36000-7f5847e36000 rwxs 1de61a000 00:05 9116                      /dev/nvidia0
7f5847e36000-7f5848036000 rwxs 151763000 00:05 9116                      /dev/nvidia0
7f5848036000-7f58532d3000 rwxp 00000000 00:00 0 
7f58532d3000-7f58532d6000 ---p 00000000 00:00 0 
7f58532d6000-7f58533d4000 rwxp 00000000 00:00 0 
7f58533d4000-7f58533d7000 ---p 00000000 00:00 0 
7f58533d7000-7f58534d5000 rwxp 00000000 00:00 0 
7f58534d5000-7f58534d8000 ---p 00000000 00:00 0 
7f58534d8000-7f58535d6000 rwxp 00000000 00:00 0 
7f58535d6000-7f58537d6000 rwxs 1ecb7e000 00:05 9116                      /dev/nvidia0
7f58538d6000-7f585399f000 rwxp 00000000 00:00 0 
7f585399f000-7f58539a1000 r-xp 00000000 00:17 7088047                    /home/pierre/projects/workspace/LargeVolDataVis/native_libs_amd64/libjogl_awt.so
7f58539a1000-7f5853aa0000 ---p 00002000 00:17 7088047                    /home/pierre/projects/workspace/LargeVolDataVis/native_libs_amd64/libjogl_awt.so
7f5853aa0000-7f5853aa1000 rwxp 00001000 00:17 7088047                    /home/pierre/projects/workspace/LargeVolDataVis/native_libs_amd64/libjogl_awt.so
7f5853aa1000-7f5853aa2000 r-xp 00000000 08:01 5384189                    /usr/lib/jvm/java-6-sun-1.6.0.22/jre/lib/amd64/libjawt.so
7f5853aa2000-7f5853ba1000 ---p 00001000 08:01 5384189                    /usr/lib/jvm/java-6-sun-1.6.0.22/jre/lib/amd64/libjawt.so
7f5853ba1000-7f5853ba2000 rwxp 00000000 08:01 5384189                    /usr/lib/jvm/java-6-sun-1.6.0.22/jre/lib/amd64/libjawt.so
7f5853ba2000-7f5853ba7000 r-xp 00000000 08:01 3409554                    /usr/lib/libXxf86vm.so.1.0.0
7f5853ba7000-7f5853da6000 ---p 00005000 08:01 3409554                    /usr/lib/libXxf86vm.so.1.0.0
7f5853da6000-7f5853da7000 r-xp 00004000 08:01 3409554                    /usr/lib/libXxf86vm.so.1.0.0
7f5853da7000-7f5853da8000 rwxp 00005000 08:01 3409554                    /usr/lib/libXxf86vm.so.1.0.0
7f5853da8000-7f5853e97000 r-xp 00000000 00:17 7088048                    /home/pierre/projects/workspace/LargeVolDataVis/native_libs_amd64/libjogl.so
7f5853e97000-7f5853f97000 ---p 000ef000 00:17 7088048                    /home/pierre/projects/workspace/LargeVolDataVis/native_libs_amd64/libjogl.so
7f5853f97000-7f5853f98000 rwxp 000ef000 00:17 7088048                    /home/pierre/projects/workspace/LargeVolDataVis/native_libs_amd64/libjogl.so
7f5853f98000-7f5855380000 r-xp 00000000 08:01 5901058                    /usr/lib/nvidia-current/libnvidia-glcore.so.260.19.06
7f5855380000-7f585557f000 ---p 013e8000 08:01 5901058                    /usr/lib/nvidia-current/libnvidia-glcore.so.260.19.06
7f585557f000-7f5855b5b000 rwxp 013e7000 08:01 5901058                    /usr/lib/nvidia-current/libnvidia-glcore.so.260.19.06
7f5855b5b000-7f5855b71000 rwxp 00000000 00:00 0 
7f5855b71000-7f5855b72000 r-xp 00000000 08:01 5901047                    /usr/lib/nvidia-current/tls/libnvidia-tls.so.260.19.06
7f5855b72000-7f5855d72000 ---p 00001000 08:01 5901047                    /usr/lib/nvidia-current/tls/libnvidia-tls.so.260.19.06
7f5855d72000-7f5855d73000 rwxp 00001000 08:01 5901047                    /usr/lib/nvidia-current/tls/libnvidia-tls.so.260.19.06
7f5855d73000-7f5855e2a000 r-xp 00000000 08:01 5901042                    /usr/lib/nvidia-current/libGL.so.260.19.06
7f5855e2a000-7f585602a000 ---p 000b7000 08:01 5901042                    /usr/lib/nvidia-current/libGL.so.260.19.06
7f585602a000-7f5856062000 rwxp 000b7000 08:01 5901042                    /usr/lib/nvidia-current/libGL.so.260.19.06
7f5856062000-7f5856078000 rwxp 00000000 00:00 0 
7f5856078000-7f5856079000 r-xp 00000000 00:17 7088046                    /home/pierre/projects/workspace/LargeVolDataVis/native_libs_amd64/libgluegen-rt.so
7f5856079000-7f5856178000 ---p 00001000 00:17 7088046                    /home/pierre/projects/workspace/LargeVolDataVis/native_libs_amd64/libgluegen-rt.so
7f5856178000-7f5856179000 rwxp 00000000 00:17 7088046                    /home/pierre/projects/workspace/LargeVolDataVis/native_libs_amd64/libgluegen-rt.so
7f5856179000-7f585617c000 ---p 00000000 00:00 0 
7f585617c000-7f585627a000 rwxp 00000000 00:00 0 
7f585627a000-7f585627d000 ---p 00000000 00:00 0 
7f585627d000-7f585637b000 rwxp 00000000 00:00 0 
7f585637b000-7f5856382000 r-xp 00000000 08:01 5384166                    /usr/lib/jvm/java-6-sun-1.6.0.22/jre/lib/amd64/libnio.so
7f5856382000-7f5856481000 ---p 00007000 08:01 5384166                    /usr/lib/jvm/java-6-sun-1.6.0.22/jre/lib/amd64/libnio.so
7f5856481000-7f5856483000 rwxp 00006000 08:01 5384166                    /usr/lib/jvm/java-6-sun-1.6.0.22/jre/lib/amd64/libnio.so
7f5856483000-7f5856496000 r-xp 00000000 08:01 5384165                    /usr/lib/jvm/java-6-sun-1.6.0.22/jre/lib/amd64/libnet.so
7f5856496000-7f5856597000 ---p 00013000 08:01 5384165                    /usr/lib/jvm/java-6-sun-1.6.0.22/jre/lib/amd64/libnet.so
7f5856597000-7f585659a000 rwxp 00014000 08:01 5384165                    /usr/lib/jvm/java-6-sun-1.6.0.22/jre/lib/amd64/libnet.so
7f585659a000-7f585659d000 ---p 00000000 00:00 0 
7f585659d000-7f585669b000 rwxp 00000000 00:00 0 
7f585669b000-7f585669e000 ---p 00000000 00:00 0 
7f585669e000-7f585679c000 rwxp 00000000 00:00 0 
7f585679c000-7f585679d000 r-xs 00000000 08:01 5515800                    /var/cache/fontconfig/26de28bc8622bbc1fb67fd234c21975f-le64.cache-3
7f585679d000-7f585679e000 r-xs 00000000 08:01 5505085                    /var/cache/fontconfig/c05880de57d1f5e948fdfacc138775d9-le64.cache-3
7f585679e000-7f58567a7000 r-xs 00000000 08:01 5505082                    /var/cache/fontconfig/945677eb7aeaf62f1d50efc3fb3ec7d8-le64.cache-3
7f58567a7000-7f58567a9000 r-xs 00000000 08:01 5505083                    /var/cache/fontconfig/99e8ed0e538f840c565b6ed5dad60d56-le64.cache-3
7f58567a9000-7f58567ac000 r-xs 00000000 08:01 5505092                    /var/cache/fontconfig/e383d7ea5fbe662a33d9b44caf393297-le64.cache-3
7f58567ac000-7f58567b3000 r-xs 00000000 08:01 5515801                    /var/cache/fontconfig/401a5dd6b567794a1d18dd9342dfa604-le64.cache-3
7f58567b3000-7f58567b6000 r-xs 00000000 08:01 5515749                    /var/cache/fontconfig/2cd17615ca594fa2959ae173292e504c-le64.cache-3
7f58567b6000-7f58567b9000 r-xs 00000000 08:01 5509466                    /var/cache/fontconfig/ea47318ec9849e1a71e80a5d69d13859-le64.cache-3
7f58567b9000-7f58567bb000 r-xs 00000000 08:01 5509455                    /var/cache/fontconfig/e3fa16a14183b06aa45b3e009278fd14-le64.cache-3
7f58567bb000-7f58567bc000 r-xs 00000000 08:01 5505093                    /var/cache/fontconfig/e7071f4a29fa870f4323321c154eba04-le64.cache-3
7f58567bc000-7f58567bf000 r-xs 00000000 08:01 5516659                    /var/cache/fontconfig/b5ea634b0fb353b8ea17632d1f9ef766-le64.cache-3
7f58567bf000-7f58567c4000 r-xs 00000000 08:01 5513016                    /var/cache/fontconfig/926e794c3d5e5dffcaf2fa83ef8d36c2-le64.cache-3
7f58567c4000-7f58567f2000 r-xs 00000000 08:01 5512796                    /var/cache/fontconfig/365b55f210c0a22e9a19e35191240f32-le64.cache-3
7f58568a8000-7f58568ab000 ---p 00000000 00:00 0 
7f58568ab000-7f58569a9000 rwxp 00000000 00:00 0 
7f58569a9000-7f58569ac000 ---p 00000000 00:00 0 
7f58569ac000-7f5856aaa000 rwxp 00000000 00:00 0 
7f5856aaa000-7f5856aaf000 r-xp 00000000 08:01 3409518                    /usr/lib/libXfixes.so.3.1.0
7f5856aaf000-7f5856cae000 ---p 00005000 08:01 3409518                    /usr/lib/libXfixes.so.3.1.0
7f5856cae000-7f5856caf000 r-xp 00004000 08:01 3409518                    /usr/lib/libXfixes.so.3.1.0
7f5856caf000-7f5856cb0000 rwxp 00005000 08:01 3409518                    /usr/lib/libXfixes.so.3.1.0
7f5856cb0000-7f5856cb9000 r-xp 00000000 08:01 3409538                    /usr/lib/libXrender.so.1.3.0
7f5856cb9000-7f5856eb8000 ---p 00009000 08:01 3409538                    /usr/lib/libXrender.so.1.3.0
7f5856eb8000-7f5856eb9000 r-xp 00008000 08:01 3409538                    /usr/lib/libXrender.so.1.3.0
7f5856eb9000-7f5856eba000 rwxp 00009000 08:01 3409538                    /usr/lib/libXrender.so.1.3.0
7f5856eba000-7f5856ec3000 r-xp 00000000 08:01 3409510                    /usr/lib/libXcursor.so.1.0.2
7f5856ec3000-7f58570c2000 ---p 00009000 08:01 3409510                    /usr/lib/libXcursor.so.1.0.2
7f58570c2000-7f58570c3000 r-xp 00008000 08:01 3409510                    /usr/lib/libXcursor.so.1.0.2
7f58570c3000-7f58570c4000 rwxp 00009000 08:01 3409510                    /usr/lib/libXcursor.so.1.0.2
7f58570d0000-7f58570d4000 rwxs 150a02000 00:05 9116                      /dev/nvidia0
7f58570d6000-7f58570ef000 rwxs 00000000 00:04 0                          /SYSV00000000 (deleted)
7f58570ef000-7f5857168000 r-xp 00000000 08:01 5384173                    /usr/lib/jvm/java-6-sun-1.6.0.22/jre/lib/amd64/libfontmanager.so
7f5857168000-7f5857267000 ---p 00079000 08:01 5384173                    /usr/lib/jvm/java-6-sun-1.6.0.22/jre/lib/amd64/libfontmanager.so
7f5857267000-7f585727c000 rwxp 00078000 08:01 5384173                    /usr/lib/jvm/java-6-sun-1.6.0.22/jre/lib/amd64/libfontmanager.so
7f585727c000-7f585728d000 rwxp 00000000 00:00 0 
7f585728d000-7f5857292000 r-xp 00000000 08:01 3409514                    /usr/lib/libXdmcp.so.6.0.0
7f5857292000-7f5857491000 ---p 00005000 08:01 3409514                    /usr/lib/libXdmcp.so.6.0.0
7f5857491000-7f5857492000 r-xp 00004000 08:01 3409514                    /usr/lib/libXdmcp.so.6.0.0
7f5857492000-7f5857493000 rwxp 00005000 08:01 3409514                    /usr/lib/libXdmcp.so.6.0.0
7f5857493000-7f5857495000 r-xp 00000000 08:01 3409503                    /usr/lib/libXau.so.6.0.0
7f5857495000-7f5857694000 ---p 00002000 08:01 3409503                    /usr/lib/libXau.so.6.0.0
7f5857694000-7f5857695000 r-xp 00001000 08:01 3409503                    /usr/lib/libXau.so.6.0.0
7f5857695000-7f5857696000 rwxp 00002000 08:01 3409503                    /usr/lib/libXau.so.6.0.0
7f5857696000-7f58576b1000 r-xp 00000000 08:01 3410540                    /usr/lib/libxcb.so.1.1.0
7f58576b1000-7f58578b1000 ---p 0001b000 08:01 3410540                    /usr/lib/libxcb.so.1.1.0
7f58578b1000-7f58578b2000 r-xp 0001b000 08:01 3410540                    /usr/lib/libxcb.so.1.1.0
7f58578b2000-7f58578b3000 rwxp 0001c000 08:01 3410540                    /usr/lib/libxcb.so.1.1.0
7f58578b3000-7f58578c1000 r-xp 00000000 08:01 3409524                    /usr/lib/libXi.so.6.1.0
7f58578c1000-7f5857ac1000 ---p 0000e000 08:01 3409524                    /usr/lib/libXi.so.6.1.0
7f5857ac1000-7f5857ac2000 r-xp 0000e000 08:01 3409524                    /usr/lib/libXi.so.6.1.0
7f5857ac2000-7f5857ac3000 rwxp 0000f000 08:01 3409524                    /usr/lib/libXi.so.6.1.0
7f5857ac3000-7f5857ac8000 r-xp 00000000 08:01 3409544                    /usr/lib/libXtst.so.6.1.0
7f5857ac8000-7f5857cc8000 ---p 00005000 08:01 3409544                    /usr/lib/libXtst.so.6.1.0
7f5857cc8000-7f5857cc9000 r-xp 00005000 08:01 3409544                    /usr/lib/libXtst.so.6.1.0
7f5857cc9000-7f5857cca000 rwxp 00006000 08:01 3409544                    /usr/lib/libXtst.so.6.1.0
7f5857cca000-7f5857dfb000 r-xp 00000000 08:01 3409501                    /usr/lib/libX11.so.6.3.0
7f5857dfb000-7f5857ffb000 ---p 00131000 08:01 3409501                    /usr/lib/libX11.so.6.3.0
7f5857ffb000-7f5857ffc000 r-xp 00131000 08:01 3409501                    /usr/lib/libX11.so.6.3.0
7f5857ffc000-7f5858000000 rwxp 00132000 08:01 3409501                    /usr/lib/libX11.so.6.3.0
7f5858000000-7f585c000000 rwxp 00000000 00:00 0 
7f585c002000-7f585c003000 rwxs d2060000 00:05 9116                       /dev/nvidia0
7f585c003000-7f585c007000 r-xs 00000000 08:01 5505079                    /var/cache/fontconfig/6eb3985aa4124903f6ff08ba781cd364-le64.cache-3
7f585c007000-7f585c008000 r-xs 00000000 08:01 5505075                    /var/cache/fontconfig/4c73fe0c47614734b17d736dbde7580a-le64.cache-3
7f585c008000-7f585c009000 r-xs 00000000 08:01 5505068                    /var/cache/fontconfig/0d8c3b2ac0904cb8a57a757ad11a4a08-le64.cache-3
7f585c009000-7f585c00a000 r-xs 00000000 08:01 5505077                    /var/cache/fontconfig/6a53c69dea097a2d716e069445527da8-le64.cache-3
7f585c00a000-7f585c010000 r-xs 00000000 08:01 5505084                    /var/cache/fontconfig/a755afe4a08bf5b97852ceb7400b47bc-le64.cache-3
7f585c010000-7f585c011000 r-xs 00000000 08:01 5509403                    /var/cache/fontconfig/79517df041c92e3f2b4a9700e7dbe3c7-le64.cache-3
7f585c011000-7f585c012000 r-xs 00000000 08:01 5509270                    /var/cache/fontconfig/4abdb2dd99886b2b2d3168a6b22d0473-le64.cache-3
7f585c012000-7f585c013000 r-xs 00000000 08:01 5509106                    /var/cache/fontconfig/b9af901c4f3947128be824d599af5f25-le64.cache-3
7f585c013000-7f585c01c000 r-xs 00000000 08:01 5505078                    /var/cache/fontconfig/6d41288fd70b0be22e8c3a91e032eec0-le64.cache-3
7f585c01c000-7f585c02c000 r-xs 00000000 08:01 5505069                    /var/cache/fontconfig/0f34bcd4b6ee430af32735b75db7f02b-le64.cache-3
7f585c02c000-7f585c046000 r-xs 00000000 08:01 5511191                    /var/cache/fontconfig/e13b20fdb08344e0e664864cc2ede53d-le64.cache-3
7f585c046000-7f585c049000 ---p 00000000 00:00 0 
7f585c049000-7f585c147000 rwxp 00000000 00:00 0 
7f585c147000-7f585c158000 r-xp 00000000 08:01 3409516                    /usr/lib/libXext.so.6.4.0
7f585c158000-7f585c357000 ---p 00011000 08:01 3409516                    /usr/lib/libXext.so.6.4.0
7f585c357000-7f585c358000 r-xp 00010000 08:01 3409516                    /usr/lib/libXext.so.6.4.0
7f585c358000-7f585c359000 rwxp 00011000 08:01 3409516                    /usr/lib/libXext.so.6.4.0
7f585c359000-7f585c35a000 r-xs 00000000 08:01 5509104                    /var/cache/fontconfig/a18183678af55fd6535fa2d00e080189-le64.cache-3
7f585c35a000-7f585c35c000 r-xs 00000000 08:01 5508879                    /var/cache/fontconfig/90e84e89a4382a8db77728561d41356d-le64.cache-3
7f585c35c000-7f585c35d000 r-xs 00000000 08:01 5508876                    /var/cache/fontconfig/b73ae53b2eee308c3d7feb99ac2d34cd-le64.cache-3
7f585c35d000-7f585c35e000 r-xs 00000000 08:01 5508684                    /var/cache/fontconfig/407fd690308a0b04640307de6deab6da-le64.cache-3
7f585c35e000-7f585c360000 r-xs 00000000 08:01 5508584                    /var/cache/fontconfig/8039e78ad04dad2b193eec8c5f90bc4d-le64.cache-3
7f585c360000-7f585c361000 r-xs 00000000 08:01 5508495                    /var/cache/fontconfig/27f6fa40476fb33ad65cb210c133a216-le64.cache-3
7f585c361000-7f585c366000 r-xs 00000000 08:01 5515561                    /var/cache/fontconfig/515ca1ebc4b18308bea979be5704f9db-le64.cache-3
7f585c366000-7f585c370000 r-xs 00000000 08:01 5505088                    /var/cache/fontconfig/d52a8644073d54c13679302ca1180695-le64.cache-3
7f585c370000-7f585c384000 r-xs 00000000 08:01 5510629                    /var/cache/fontconfig/865f88548240fee46819705c6468c165-le64.cache-3
7f585c384000-7f585c3c6000 r-xp 00000000 08:01 5384163                    /usr/lib/jvm/java-6-sun-1.6.0.22/jre/lib/amd64/xawt/libmawt.so
7f585c3c6000-7f585c4c5000 ---p 00042000 08:01 5384163                    /usr/lib/jvm/java-6-sun-1.6.0.22/jre/lib/amd64/xawt/libmawt.so
7f585c4c5000-7f585c4d0000 rwxp 00041000 08:01 5384163                    /usr/lib/jvm/java-6-sun-1.6.0.22/jre/lib/amd64/xawt/libmawt.so
7f585c4d0000-7f585c4d2000 rwxp 00000000 00:00 0 
7f585c4d2000-7f585c564000 r-xp 00000000 08:01 5384208                    /usr/lib/jvm/java-6-sun-1.6.0.22/jre/lib/amd64/libawt.so
7f585c564000-7f585c663000 ---p 00092000 08:01 5384208                    /usr/lib/jvm/java-6-sun-1.6.0.22/jre/lib/amd64/libawt.so
7f585c663000-7f585c67c000 rwxp 00091000 08:01 5384208                    /usr/lib/jvm/java-6-sun-1.6.0.22/jre/lib/amd64/libawt.so
7f585c67c000-7f585c6a1000 rwxp 00000000 00:00 0 
7f585c6a1000-7f585c6a2000 ---p 00000000 00:00 0 
7f585c6a2000-7f585c7a2000 rwxp 00000000 00:00 0 
7f585c7a2000-7f585c7a5000 ---p 00000000 00:00 0 
7f585c7a5000-7f585c8a3000 rwxp 00000000 00:00 0 
7f585c8a3000-7f585c8a6000 ---p 00000000 00:00 0 
7f585c8a6000-7f585c9a4000 rwxp 00000000 00:00 0 
7f585c9a4000-7f585c9a7000 ---p 00000000 00:00 0 
7f585c9a7000-7f585caa5000 rwxp 00000000 00:00 0 
7f585caa5000-7f585caa8000 ---p 00000000 00:00 0 
7f585caa8000-7f585cba6000 rwxp 00000000 00:00 0 
7f585cba6000-7f585d09a000 r-xp 00000000 08:01 3410665                    /usr/lib/locale/locale-archive
7f585d09a000-7f585d09d000 ---p 00000000 00:00 0 
7f585d09d000-7f585d19b000 rwxp 00000000 00:00 0 
7f585d19b000-7f585d19e000 ---p 00000000 00:00 0 
7f585d19e000-7f585d29c000 rwxp 00000000 00:00 0 
7f585d29c000-7f585d29d000 ---p 00000000 00:00 0 
7f585d29d000-7f585dcd9000 rwxp 00000000 00:00 0 
7f585dcd9000-7f585de71000 r-xs 03013000 08:01 5252911                    /usr/lib/jvm/java-6-sun-1.6.0.22/jre/lib/rt.jar
7f585de71000-7f585de99000 rwxp 00000000 00:00 0 
7f585de99000-7f585de9a000 ---p 00000000 00:00 0 
7f585de9a000-7f585df9a000 rwxp 00000000 00:00 0 
7f585df9a000-7f585df9b000 ---p 00000000 00:00 0 
7f585df9b000-7f585e09b000 rwxp 00000000 00:00 0 
7f585e09b000-7f585e09c000 ---p 00000000 00:00 0 
7f585e09c000-7f585e19c000 rwxp 00000000 00:00 0 
7f585e19c000-7f585e19d000 ---p 00000000 00:00 0 
7f585e19d000-7f585e29d000 rwxp 00000000 00:00 0 
7f585e29d000-7f585e29e000 ---p 00000000 00:00 0 
7f585e29e000-7f585e39e000 rwxp 00000000 00:00 0 
7f585e39e000-7f585e39f000 ---p 00000000 00:00 0 
7f585e39f000-7f585e49f000 rwxp 00000000 00:00 0 
7f585e49f000-7f585e4a0000 ---p 00000000 00:00 0 
7f585e4a0000-7f585e5a0000 rwxp 00000000 00:00 0 
7f585e5a0000-7f585e5a1000 ---p 00000000 00:00 0 
7f585e5a1000-7f585e6b3000 rwxp 00000000 00:00 0 
7f585e6b3000-7f585e6cb000 rwxp 00000000 00:00 0 
7f585e6cb000-7f585e7db000 rwxp 00000000 00:00 0 
7f585e7db000-7f585ea09000 rwxp 00000000 00:00 0 
7f585ea09000-7f585ea1b000 rwxp 00000000 00:00 0 
7f585ea1b000-7f585ea33000 rwxp 00000000 00:00 0 
7f585ea33000-7f585eb43000 rwxp 00000000 00:00 0 
7f585eb43000-7f585ed70000 rwxp 00000000 00:00 0 
7f585ed70000-7f585ee61000 rwxp 00000000 00:00 0 
7f585ee61000-7f585ef0f000 rwxp 00000000 00:00 0 
7f585ef0f000-7f5861200000 rwxp 00000000 00:00 0 
7f5861200000-7f58612b0000 ---p 00000000 00:00 0 
7f58612b0000-7f5864310000 rwxp 00000000 00:00 0 
7f5864310000-7f5886280000 rwxp 00000000 00:00 0 
7f5886280000-7f58cbdc0000 rwxp 00000000 00:00 0 
7f58cbdc0000-7f58e9ea0000 rwxp 00000000 00:00 0 
7f58e9ea0000-7f58ffb10000 rwxp 00000000 00:00 0 
7f58ffb10000-7f58ffb11000 r-xs 00000000 08:01 5508493                    /var/cache/fontconfig/98d684ad3abba16030bd60992dc9c5d7-le64.cache-3
7f58ffb11000-7f58ffd81000 rwxp 00000000 00:00 0 
7f58ffd81000-7f5902b11000 rwxp 00000000 00:00 0 
7f5902b11000-7f5902b1f000 r-xp 00000000 08:01 5384175                    /usr/lib/jvm/java-6-sun-1.6.0.22/jre/lib/amd64/libzip.so
7f5902b1f000-7f5902c21000 ---p 0000e000 08:01 5384175                    /usr/lib/jvm/java-6-sun-1.6.0.22/jre/lib/amd64/libzip.so
7f5902c21000-7f5902c24000 rwxp 00010000 08:01 5384175                    /usr/lib/jvm/java-6-sun-1.6.0.22/jre/lib/amd64/libzip.so
7f5902c24000-7f5902c25000 rwxp 00000000 00:00 0 
7f5902c25000-7f5902c31000 r-xp 00000000 08:01 3685647                    /lib/libnss_files-2.12.1.so
7f5902c31000-7f5902e30000 ---p 0000c000 08:01 3685647                    /lib/libnss_files-2.12.1.so
7f5902e30000-7f5902e31000 r-xp 0000b000 08:01 3685647                    /lib/libnss_files-2.12.1.so
7f5902e31000-7f5902e32000 rwxp 0000c000 08:01 3685647                    /lib/libnss_files-2.12.1.so
7f5902e32000-7f5902e3c000 r-xp 00000000 08:01 3685642                    /lib/libnss_nis-2.12.1.so
7f5902e3c000-7f590303b000 ---p 0000a000 08:01 3685642                    /lib/libnss_nis-2.12.1.so
7f590303b000-7f590303c000 r-xp 00009000 08:01 3685642                    /lib/libnss_nis-2.12.1.so
7f590303c000-7f590303d000 rwxp 0000a000 08:01 3685642                    /lib/libnss_nis-2.12.1.so
7f590303d000-7f5903045000 r-xp 00000000 08:01 3685644                    /lib/libnss_compat-2.12.1.so
7f5903045000-7f5903244000 ---p 00008000 08:01 3685644                    /lib/libnss_compat-2.12.1.so
7f5903244000-7f5903245000 r-xp 00007000 08:01 3685644                    /lib/libnss_compat-2.12.1.so
7f5903245000-7f5903246000 rwxp 00008000 08:01 3685644                    /lib/libnss_compat-2.12.1.so
7f5903246000-7f590324d000 r-xp 00000000 08:01 5384177                    /usr/lib/jvm/java-6-sun-1.6.0.22/jre/lib/amd64/native_threads/libhpi.so
7f590324d000-7f590334e000 ---p 00007000 08:01 5384177                    /usr/lib/jvm/java-6-sun-1.6.0.22/jre/lib/amd64/native_threads/libhpi.so
7f590334e000-7f5903350000 rwxp 00008000 08:01 5384177                    /usr/lib/jvm/java-6-sun-1.6.0.22/jre/lib/amd64/native_threads/libhpi.so
7f5903350000-7f5903351000 rwxp 00000000 00:00 0 
7f5903351000-7f5903368000 r-xp 00000000 08:01 3685646                    /lib/libnsl-2.12.1.so
7f5903368000-7f5903567000 ---p 00017000 08:01 3685646                    /lib/libnsl-2.12.1.so
7f5903567000-7f5903568000 r-xp 00016000 08:01 3685646                    /lib/libnsl-2.12.1.so
7f5903568000-7f5903569000 rwxp 00017000 08:01 3685646                    /lib/libnsl-2.12.1.so
7f5903569000-7f590356b000 rwxp 00000000 00:00 0 
7f590356b000-7f5903593000 r-xp 00000000 08:01 5384188                    /usr/lib/jvm/java-6-sun-1.6.0.22/jre/lib/amd64/libjava.so
7f5903593000-7f5903693000 ---p 00028000 08:01 5384188                    /usr/lib/jvm/java-6-sun-1.6.0.22/jre/lib/amd64/libjava.so
7f5903693000-7f590369a000 rwxp 00028000 08:01 5384188                    /usr/lib/jvm/java-6-sun-1.6.0.22/jre/lib/amd64/libjava.so
7f590369a000-7f59036a7000 r-xp 00000000 08:01 5384170                    /usr/lib/jvm/java-6-sun-1.6.0.22/jre/lib/amd64/libverify.so
7f59036a7000-7f59037a6000 ---p 0000d000 08:01 5384170                    /usr/lib/jvm/java-6-sun-1.6.0.22/jre/lib/amd64/libverify.so
7f59037a6000-7f59037a9000 rwxp 0000c000 08:01 5384170                    /usr/lib/jvm/java-6-sun-1.6.0.22/jre/lib/amd64/libverify.so
7f59037a9000-7f59037b0000 r-xp 00000000 08:01 3685631                    /lib/librt-2.12.1.so
7f59037b0000-7f59039af000 ---p 00007000 08:01 3685631                    /lib/librt-2.12.1.so
7f59039af000-7f59039b0000 r-xp 00006000 08:01 3685631                    /lib/librt-2.12.1.so
7f59039b0000-7f59039b1000 rwxp 00007000 08:01 3685631                    /lib/librt-2.12.1.so
7f59039b1000-7f59039b4000 ---p 00000000 00:00 0 
7f59039b4000-7f5903ab2000 rwxp 00000000 00:00 0 
7f5903ab2000-7f5903b34000 r-xp 00000000 08:01 3685640                    /lib/libm-2.12.1.so
7f5903b34000-7f5903d33000 ---p 00082000 08:01 3685640                    /lib/libm-2.12.1.so
7f5903d33000-7f5903d34000 r-xp 00081000 08:01 3685640                    /lib/libm-2.12.1.so
7f5903d34000-7f5903d35000 rwxp 00082000 08:01 3685640                    /lib/libm-2.12.1.so
7f5903d35000-7f590450f000 r-xp 00000000 08:01 5384195                    /usr/lib/jvm/java-6-sun-1.6.0.22/jre/lib/amd64/server/libjvm.so
7f590450f000-7f5904611000 ---p 007da000 08:01 5384195                    /usr/lib/jvm/java-6-sun-1.6.0.22/jre/lib/amd64/server/libjvm.so
7f5904611000-7f59047a2000 rwxp 007dc000 08:01 5384195                    /usr/lib/jvm/java-6-sun-1.6.0.22/jre/lib/amd64/server/libjvm.so
7f59047a2000-7f59047dd000 rwxp 00000000 00:00 0 
7f59047dd000-7f5904957000 r-xp 00000000 08:01 3685633                    /lib/libc-2.12.1.so
7f5904957000-7f5904b56000 ---p 0017a000 08:01 3685633                    /lib/libc-2.12.1.so
7f5904b56000-7f5904b5a000 r-xp 00179000 08:01 3685633                    /lib/libc-2.12.1.so
7f5904b5a000-7f5904b5b000 rwxp 0017d000 08:01 3685633                    /lib/libc-2.12.1.so
7f5904b5b000-7f5904b60000 rwxp 00000000 00:00 0 
7f5904b60000-7f5904b62000 r-xp 00000000 08:01 3685649                    /lib/libdl-2.12.1.so
7f5904b62000-7f5904d62000 ---p 00002000 08:01 3685649                    /lib/libdl-2.12.1.so
7f5904d62000-7f5904d63000 r-xp 00002000 08:01 3685649                    /lib/libdl-2.12.1.so
7f5904d63000-7f5904d64000 rwxp 00003000 08:01 3685649                    /lib/libdl-2.12.1.so
7f5904d64000-7f5904d7c000 r-xp 00000000 08:01 3685635                    /lib/libpthread-2.12.1.so
7f5904d7c000-7f5904f7b000 ---p 00018000 08:01 3685635                    /lib/libpthread-2.12.1.so
7f5904f7b000-7f5904f7c000 r-xp 00017000 08:01 3685635                    /lib/libpthread-2.12.1.so
7f5904f7c000-7f5904f7d000 rwxp 00018000 08:01 3685635                    /lib/libpthread-2.12.1.so
7f5904f7d000-7f5904f81000 rwxp 00000000 00:00 0 
7f5904f81000-7f5904fa1000 r-xp 00000000 08:01 3685641                    /lib/ld-2.12.1.so
7f5904fa1000-7f5904fa3000 r-xs 00000000 08:01 5508343                    /var/cache/fontconfig/9123b38b1c36356a690c2f0bc4cbf728-le64.cache-3
7f5904fa3000-7f5904fa6000 r-xs 00000000 08:01 5505089                    /var/cache/fontconfig/d60319d88cac85ba9e1a07bd06cfbb8c-le64.cache-3
7f5904fa6000-7f5904fb0000 rwxp 00000000 00:00 0 
7f5904fb0000-7f5905066000 rwxp 00000000 00:00 0 
7f5905066000-7f5905069000 rwxp 00000000 00:00 0 
7f5905069000-7f5905070000 r-xp 00000000 08:01 5384161                    /usr/lib/jvm/java-6-sun-1.6.0.22/jre/lib/amd64/jli/libjli.so
7f5905070000-7f5905171000 ---p 00007000 08:01 5384161                    /usr/lib/jvm/java-6-sun-1.6.0.22/jre/lib/amd64/jli/libjli.so
7f5905171000-7f5905173000 rwxp 00008000 08:01 5384161                    /usr/lib/jvm/java-6-sun-1.6.0.22/jre/lib/amd64/jli/libjli.so
7f5905173000-7f5905174000 rwxp 00000000 00:00 0 
7f5905174000-7f5905175000 r-xs 00000000 08:01 5515572                    /var/cache/fontconfig/4794a0821666d79190d59a36cb4f44b5-le64.cache-3
7f5905175000-7f5905179000 r-xs 00000000 08:01 5515798                    /var/cache/fontconfig/7ef2298fde41cc6eeb7af42e48b7d293-le64.cache-3
7f5905179000-7f5905181000 r-xs 00000000 08:01 5512486                    /var/cache/fontconfig/b83386915dae36184c7e3985fd26e4b1-le64.cache-3
7f5905181000-7f5905183000 r-xs 00016000 00:17 7088051                    /home/pierre/projects/workspace/LargeVolDataVis/libs/proscene.jar
7f5905183000-7f5905185000 r-xs 00002000 00:17 7088052                    /home/pierre/projects/workspace/LargeVolDataVis/libs/opengl.jar
7f5905185000-7f5905190000 r-xs 00110000 00:17 7088053                    /home/pierre/projects/workspace/LargeVolDataVis/libs/jogl.jar
7f5905190000-7f5905191000 r-xs 00005000 00:17 7088054                    /home/pierre/projects/workspace/LargeVolDataVis/libs/gluegen-rt.jar
7f5905191000-7f5905193000 r-xs 0001e000 00:17 7088055                    /home/pierre/projects/workspace/LargeVolDataVis/libs/GLGraphics.jar
7f5905193000-7f5905195000 r-xs 00029000 00:17 7088050                    /home/pierre/projects/workspace/LargeVolDataVis/libs/core.jar
7f5905195000-7f590519d000 rwxs 00000000 00:11 42614                      /tmp/hsperfdata_pierre/6135
7f590519d000-7f590519e000 rwxp 00000000 00:00 0 
7f590519e000-7f590519f000 r-xp 00000000 00:00 0 
7f590519f000-7f59051a1000 rwxp 00000000 00:00 0 
7f59051a1000-7f59051a2000 r-xp 00020000 08:01 3685641                    /lib/ld-2.12.1.so
7f59051a2000-7f59051a3000 rwxp 00021000 08:01 3685641                    /lib/ld-2.12.1.so
7f59051a3000-7f59051a4000 rwxp 00000000 00:00 0 
7fffac140000-7fffac161000 rwxp 00000000 00:00 0                          [stack]
7fffac199000-7fffac19a000 r-xp 00000000 00:00 0                          [vdso]
ffffffffff600000-ffffffffff601000 r-xp 00000000 00:00 0                  [vsyscall]

VM Arguments:
jvm_args: -Djava.library.path=/home/pierre/projects/workspace/LargeVolDataVis/native_libs_amd64:/home/pierre/projects/workspace/LargeVolDataVis/native_libs_amd64 -Djava.security.policy=java.policy.applet -Dfile.encoding=UTF-8 
java_command: sun.applet.AppletViewer test.DataVis1297791824169.html
Launcher Type: SUN_STANDARD

Environment Variables:
PATH=/usr/local/sbin:/usr/local/bin:/usr/sbin:/usr/bin:/sbin:/bin:/usr/games
LD_LIBRARY_PATH=/usr/lib/jvm/java-6-sun-1.6.0.22/jre/lib/amd64/server:/usr/lib/jvm/java-6-sun-1.6.0.22/jre/lib/amd64:/usr/lib/jvm/java-6-sun-1.6.0.22/jre/../lib/amd64:/usr/lib/xulrunner-1.9.2.13
SHELL=/bin/bash
DISPLAY=:0.0

Signal Handlers:
SIGSEGV: [libjvm.so+0x731250], sa_mask[0]=0x7ffbfeff, sa_flags=0x10000004
SIGBUS: [libjvm.so+0x731250], sa_mask[0]=0x7ffbfeff, sa_flags=0x10000004
SIGFPE: [libjvm.so+0x5f5e30], sa_mask[0]=0x7ffbfeff, sa_flags=0x10000004
SIGPIPE: [libjvm.so+0x5f5e30], sa_mask[0]=0x7ffbfeff, sa_flags=0x10000004
SIGXFSZ: [libjvm.so+0x5f5e30], sa_mask[0]=0x7ffbfeff, sa_flags=0x10000004
SIGILL: [libjvm.so+0x5f5e30], sa_mask[0]=0x7ffbfeff, sa_flags=0x10000004
SIGUSR1: SIG_DFL, sa_mask[0]=0x00000000, sa_flags=0x00000000
SIGUSR2: [libjvm.so+0x5f8650], sa_mask[0]=0x00000004, sa_flags=0x10000004
SIGHUP: [libjvm.so+0x5f83a0], sa_mask[0]=0x7ffbfeff, sa_flags=0x10000004
SIGINT: [libjvm.so+0x5f83a0], sa_mask[0]=0x7ffbfeff, sa_flags=0x10000004
SIGTERM: [libjvm.so+0x5f83a0], sa_mask[0]=0x7ffbfeff, sa_flags=0x10000004
SIGQUIT: [libjvm.so+0x5f83a0], sa_mask[0]=0x7ffbfeff, sa_flags=0x10000004


---------------  S Y S T E M  ---------------

OS:squeeze/sid

uname:Linux 2.6.35-25-generic #44-Ubuntu SMP Fri Jan 21 17:40:44 UTC 2011 x86_64
libc:glibc 2.12.1 NPTL 2.12.1 
rlimit: STACK 8192k, CORE 0k, NPROC infinity, NOFILE 1024, AS infinity
load average:0.70 0.47 0.39

CPU:total 8 (8 cores per cpu, 2 threads per core) family 6 model 30 stepping 5, cmov, cx8, fxsr, mmx, sse, sse2, sse3, ssse3, sse4.1, sse4.2, popcnt, ht

Memory: 4k page, physical 10187380k(4193024k free), swap 5093684k(5093684k free)

vm_info: Java HotSpot(TM) 64-Bit Server VM (17.1-b03) for linux-amd64 JRE (1.6.0_22-b04), built on Sep 15 2010 01:07:59 by "java_re" with gcc 3.2.2 (SuSE Linux)

time: Tue Feb 15 12:44:22 2011
elapsed time: 38 seconds

